22:49:33.545 [GUI] GUI socketpair connected (fd=22)
22:49:33.546 [GUI] Reader thread started
22:49:33.546 [GUI] recv() #0 waiting... (buf=0 bytes)
22:49:33.561 [GUI] recv() #1 got 60 bytes
22:49:33.562 [GUI] recv() #1 waiting... (buf=0 bytes)
22:49:33.562 [GUI] recv() #2 got 2558 bytes
22:49:33.562 [GUI] recv() #2 waiting... (buf=0 bytes)
22:49:44.484 [GUI] recv() #3 got 53 bytes
22:49:44.484 [GUI] recv() #3 waiting... (buf=53 bytes)
22:49:44.485 [GUI] recv() #4 got 23 bytes
22:49:44.485 [GUI] recv() #4 waiting... (buf=0 bytes)
22:49:44.492 [GUI] recv() #5 got 2344 bytes
22:49:44.500 [GUI] recv() #5 waiting... (buf=0 bytes)
22:49:59.867 [GUI] → send_command(PROCESS) OK  [server=alive(pid=332902), reader=True, fd=22]
22:49:59.867 [GUI] recv() #6 got 119 bytes
22:49:59.869 [GUI] recv() #6 waiting... (buf=0 bytes)
22:49:59.869 [GUI] recv() #7 got 351 bytes
22:49:59.872 [GUI] recv() #7 waiting... (buf=0 bytes)
23:00:01.622 [GUI] stop() called — shutting down LiveProto
23:00:01.622 [GUI] GUI socket closed (was fd=22)
23:00:01.624 [GUI] Reader: recv() #8 returned empty — server closed connection
23:00:01.624 [GUI] Reader thread exiting: server=DEAD(rc=-15), _running=False, sock=False
