[server] Listening on port 9090
[server] Waiting for GUI on port 8081...
[server] GUI connected (fd 5)
[server] Keys ready — waiting for client...

--- Server start 2026-04-03 23:12:42.446061 ---
[server] Listening on port 9090
[server] Waiting for GUI on port 8081...
[server] GUI connected (fd 5)
[server] Keys ready — waiting for client...
[server] Client from 127.0.0.1:44232
[server] Waiting for GUI command: PROCESS

--- Server start 2026-04-03 23:12:47.171622 ---
[server] Listening on port 9090
[server] Waiting for GUI on port 8081...
[server] GUI connected (fd 5)
[server] Keys ready — waiting for client...

--- Server start 2026-04-03 23:14:22.530342 ---
[server] Listening on port 9090
[server] Waiting for GUI on port 8081...
[server] GUI connected (fd 5)
[server] Keys ready — waiting for client...
[server] Client from 127.0.0.1:45332
[server] Waiting for GUI command: PROCESS

--- Server start 2026-04-03 23:19:09.611612 ---
[server] Listening on port 9090
[server] Waiting for GUI on port 8081...
[server] GUI connected (fd 5)
[server] Keys ready — waiting for client...
[server] Client from 127.0.0.1:42984
[server] Waiting for GUI command: PROCESS

--- Server start 2026-04-03 23:22:59.264837 ---
[server] Listening on port 9090
[server] Using pre-connected GUI fd 23
[server] Keys ready — waiting for client...
[server] Client from 127.0.0.1:44740
[server] Waiting for GUI command: PROCESS
[server] Received command: PROCESS
[server] Decrypted: Hello from Vehicle — PQC secured!
[server] Exchange done — waiting for NEXT command.

[server] Waiting for GUI command: NEXT
[server] Received command: NEXT
[server] Keys ready — waiting for client...
[server] Client from 127.0.0.1:44742
[server] Waiting for GUI command: PROCESS
[server] Received command: PROCESS
[server] Decrypted: Hello from Vehicle — PQC secured!
[server] Exchange done — waiting for NEXT command.

[server] Waiting for GUI command: NEXT

--- Server start 2026-04-03 23:23:33.643276 ---
[server] Listening on port 9090
[server] Using pre-connected GUI fd 23
[server] Keys ready — waiting for client...
[server] Client from 127.0.0.1:42686
[server] Waiting for GUI command: PROCESS
[server] Received command: PROCESS
[server] Decrypted: Hello from Vehicle — PQC secured!
[server] Exchange done — waiting for NEXT command.

[server] Waiting for GUI command: NEXT
[server] Received command: NEXT
[server] Keys ready — waiting for client...

--- Server start 2026-04-03 23:31:18.897983 ---
[server] Listening on port 9090
[server] Using pre-connected GUI fd 23
[server] Keys ready — waiting for client...
[server] Client from 127.0.0.1:43982
[server] Waiting for GUI command: PROCESS
[server] Received command: PROCESS
[server] Decrypted: Hello from Vehicle — PQC secured!
[server] Exchange done — waiting for NEXT command.

[server] Waiting for GUI command: NEXT

--- Server start 2026-04-03 23:31:55.576628 ---
[server] Listening on port 9090
[server] Using pre-connected GUI fd 23
[server] Keys ready — waiting for client...
[server] Client from 127.0.0.1:44296
[server] Waiting for GUI command: PROCESS
[server] Received command: PROCESS
[server] Decrypted: Hello from Vehicle — PQC secured!
[server] Exchange done — waiting for NEXT command.

[server] Waiting for GUI command: NEXT

--- Server start 2026-04-03 23:34:36.129515 ---
[server] Listening on port 9090
[server] Using pre-connected GUI fd 23
[server] Keys ready — waiting for client...
[server] Client from 127.0.0.1:43630
[server] Waiting for GUI command: PROCESS
[server] Received command: PROCESS
[server] Decrypted: Hello from Vehicle — PQC secured!
[server] Exchange done — waiting for NEXT command.

[server] Waiting for GUI command: NEXT
[server] Received command: NEXT
[server] Keys ready — waiting for client...
[server] Client from 127.0.0.1:45674
[server] Waiting for GUI command: PROCESS
[server] Received command: PROCESS
[server] Decrypted: Mohammad is here! Congrats for being able to decrypt the message!
[server] Exchange done — waiting for NEXT command.

[server] Waiting for GUI command: NEXT
[server] Received command: NEXT
[server] Keys ready — waiting for client...

--- Server start 2026-04-04 16:00:37.834463 ---
[server] Listening on port 9090
[server] Using pre-connected GUI fd 23
[server] Keys ready — waiting for client...
[server] Client from 127.0.0.1:44072
[server] Waiting for GUI command: PROCESS
[server] Received command: PROCESS
[server] Decrypted: Hello from Vehicle — PQC secured!
[server] Exchange done — waiting for NEXT command.

[server] Waiting for GUI command: NEXT
[server] Received command: NEXT
[server] Keys ready — waiting for client...
[server] Client from 127.0.0.1:41944
[server] Waiting for GUI command: PROCESS
[server] Received command: PROCESS
[server] Decrypted: Hello from Vehicle — PQC secured!
[server] Exchange done — waiting for NEXT command.

[server] Waiting for GUI command: NEXT
[server] Received command: NEXT
[server] Keys ready — waiting for client...

--- Server start 2026-04-05 19:49:26.966989 ---
[server] Listening on port 9090
[server] Using pre-connected GUI fd 23
[server] Keys ready — waiting for client...
[server] Client from 127.0.0.1:43886
[server] Waiting for GUI command: PROCESS
[server] Received command: PROCESS
[server] Decrypted: Hello from Vehicle — PQC secured!
[server] Exchange done — waiting for NEXT command.

[server] Waiting for GUI command: NEXT
[server] Received command: NEXT
[server] Keys ready — waiting for client...
[server] Client from 127.0.0.1:43316
[server] Waiting for GUI command: PROCESS
[server] Received command: PROCESS
[server] Decrypted: Hello from Vehicle — PQC secured!
[server] Exchange done — waiting for NEXT command.

[server] Waiting for GUI command: NEXT

--- Server start 2026-04-05 20:24:19.507314 ---
[server] Listening on port 9090
[server] Using pre-connected GUI fd 23
[server] Keys ready — waiting for client...

--- Server start 2026-04-05 20:24:30.662444 ---
[server] Listening on port 9090
[server] Using pre-connected GUI fd 23
[server] Keys ready — waiting for client...
[server] Client from 127.0.0.1:41938
[server] Waiting for GUI command: PROCESS
[server] Received command: PROCESS
[server] Decrypted: Hello, My name is MOhammad
[server] Exchange done — waiting for NEXT command.

[server] Waiting for GUI command: NEXT
[server] Received command: NEXT
[server] Keys ready — waiting for client...
[server] Client from 127.0.0.1:45236
[server] Waiting for GUI command: PROCESS
[server] Received command: PROCESS
[server] Decrypted: Hello from Vehicle — PQC secured!
[server] Exchange done — waiting for NEXT command.

[server] Waiting for GUI command: NEXT
[server] Received command: NEXT
[server] Keys ready — waiting for client...
[server] Client from 127.0.0.1:43866
[server] Waiting for GUI command: PROCESS
[server] Received command: PROCESS
[server] Decrypted: Hello from Vehicle — PQC secured!
[server] Exchange done — waiting for NEXT command.

[server] Waiting for GUI command: NEXT

--- Server start 2026-04-05 20:28:45.911112 ---
[server] Listening on port 9090
[server] Using pre-connected GUI fd 23
[server] Keys ready — waiting for client...
[server] Client from 127.0.0.1:42074
[server] Waiting for GUI command: PROCESS

--- Server start 2026-04-05 20:33:00.307839 ---
[server] Listening on port 9090
[server] Using pre-connected GUI fd 23
[server] Keys ready — waiting for client...
[server] Client from 127.0.0.1:41906
[server] Waiting for GUI command: PROCESS
[server] Received command: PROCESS
[server] Decrypted: Hello from Vehicle — PQC secured!
[server] Exchange done — waiting for NEXT command.

[server] Waiting for GUI command: NEXT
[server] Received command: NEXT
[server] Keys ready — waiting for client...

--- Server start 2026-04-05 20:43:45.535624 ---
[server] Listening on port 9090
[server] Using pre-connected GUI fd 23
[server] Keys ready — waiting for client...
[server] Client from 127.0.0.1:45034
[server] Waiting for GUI command: PROCESS
[server] Received command: PROCESS
[server] Decrypted: Mohammad
[server] Exchange done — waiting for NEXT command.

[server] Waiting for GUI command: NEXT
[server] Received command: NEXT
[server] Keys ready — waiting for client...
[server] Client from 127.0.0.1:45082
[server] Waiting for GUI command: PROCESS

--- Server start 2026-04-05 20:52:38.550687 ---
[server] Listening on port 9090
[server] Using pre-connected GUI fd 23
[server] Keys ready — waiting for client...
[server] Client from 127.0.0.1:43592
[server] Waiting for GUI command: PROCESS
[server] Received command: PROCESS
[server] Decrypted: This Message will be encr/decr using the Hybrid shared key
[server] Exchange done — waiting for NEXT command.

[server] Waiting for GUI command: NEXT

--- Server start 2026-04-05 21:00:38.946737 ---
[server] Listening on port 9090
[server] Using pre-connected GUI fd 23
[server] Keys ready — waiting for client...
[server] Client from 127.0.0.1:42982
[server] Waiting for GUI command: PROCESS
[server] Received command: PROCESS
[server] Decrypted: Hello, name is MOhammad
[server] Exchange done — waiting for NEXT command.

[server] Waiting for GUI command: NEXT
[server] Received command: NEXT
[server] Keys ready — waiting for client...
[server] Client from 127.0.0.1:45062
[server] Waiting for GUI command: PROCESS
[server] Received command: PROCESS
[server] Decrypted: My name is Mohammad
[server] Exchange done — waiting for NEXT command.

[server] Waiting for GUI command: NEXT
[server] Received command: NEXT
[server] Keys ready — waiting for client...
[server] Client from 127.0.0.1:42546
[server] Waiting for GUI command: PROCESS

--- Server start 2026-04-05 21:11:35.687830 ---
[server] Listening on port 9090
[server] Using pre-connected GUI fd 23
[server] Keys ready — waiting for client...
[server] Client from 127.0.0.1:44742
[server] Waiting for GUI command: PROCESS

--- Server start 2026-04-05 21:22:20.088851 ---
[server] Listening on port 9090
[server] Using pre-connected GUI fd 23
[server] Keys ready — waiting for client...

--- Server start 2026-04-05 21:30:54.765170 ---
[server] Listening on port 9090
[server] Using pre-connected GUI fd 23
[server] Keys ready — waiting for client...
[server] Client from 127.0.0.1:45758
[server] Waiting for GUI command: PROCESS

--- Server start 2026-04-05 21:33:40.943016 ---
[server] Listening on port 9090
[server] Using pre-connected GUI fd 23
[server] Keys ready — waiting for client...
[server] Client from 127.0.0.1:44044
[server] Waiting for GUI command: PROCESS

--- Server start 2026-04-05 21:36:44.802356 ---
[server] Listening on port 9090
[server] Using pre-connected GUI fd 23
[server] Keys ready — waiting for client...
[server] Client from 127.0.0.1:45084
[server] Waiting for GUI command: PROCESS
[server] Received command: PROCESS
[server] Decrypted: Mohammad
[server] Exchange done — waiting for NEXT command.

[server] Waiting for GUI command: NEXT

--- Server start 2026-04-05 21:42:48.514352 ---
[server] Listening on port 9090
[server] Using pre-connected GUI fd 23
[server] Keys ready — waiting for client...
[server] Client from 127.0.0.1:44800
[server] Waiting for GUI command: PROCESS
[server] Received command: PROCESS
[server] Decrypted: Hello there!
[server] Exchange done — waiting for NEXT command.

[server] Waiting for GUI command: NEXT
[server] Received command: NEXT
[server] Keys ready — waiting for client...

--- Server start 2026-04-05 21:45:35.998268 ---
[server] Listening on port 9090
[server] Using pre-connected GUI fd 23
[server] Keys ready — waiting for client...
[server] Client from 127.0.0.1:44114
[server] Waiting for GUI command: PROCESS
[server] Received command: PROCESS
[server] Decrypted: My name is Mohammad
[server] Exchange done — waiting for NEXT command.

[server] Waiting for GUI command: NEXT

--- Server start 2026-04-05 21:47:34.225819 ---
[server] Listening on port 9090
[server] Using pre-connected GUI fd 23
[server] Keys ready — waiting for client...
[server] Client from 127.0.0.1:42998
[server] Waiting for GUI command: PROCESS

--- Server start 2026-04-05 21:49:22.957247 ---
[server] Listening on port 9090
[server] Using pre-connected GUI fd 23
[server] Keys ready — waiting for client...
[server] Client from 127.0.0.1:42986
[server] Waiting for GUI command: PROCESS

--- Server start 2026-04-05 21:52:36.156736 ---
[server] Listening on port 9090
[server] Using pre-connected GUI fd 23
[server] Keys ready — waiting for client...
[server] Client from 127.0.0.1:45458
[server] Waiting for GUI command: PROCESS

--- Server start 2026-04-05 21:54:24.175825 ---
[server] Listening on port 9090
[server] Using pre-connected GUI fd 23
[server] Keys ready — waiting for client...
[server] Client from 127.0.0.1:45140
[server] Waiting for GUI command: PROCESS

--- Server start 2026-04-05 22:04:12.823086 ---
[server] Listening on port 9090
[server] Using pre-connected GUI fd 23
[server] Keys ready — waiting for client...
[server] Client from 127.0.0.1:43048
[server] Waiting for GUI command: PROCESS
[server] Received command: PROCESS
[server] Decrypted: mo
[server] Exchange done — waiting for NEXT command.

[server] Waiting for GUI command: NEXT

--- Server start 2026-04-05 22:13:05.818523 ---
[server] Listening on port 9090
[server] Using pre-connected GUI fd 23
[server] Keys ready — waiting for client...
[server] Client from 127.0.0.1:44504
[server] Waiting for GUI command: PROCESS
[server] Received command: PROCESS
[server] Decrypted: mo
[server] Exchange done — waiting for NEXT command.

[server] Waiting for GUI command: NEXT

--- Server start 2026-04-05 22:18:33.332486 ---
[server] Listening on port 9090
[server] Using pre-connected GUI fd 23
[server] Keys ready — waiting for client...
[server] Client from 127.0.0.1:45514
[server] Waiting for GUI command: PROCESS
[server] Received command: PROCESS
[server] Decrypted: mo
[server] Exchange done — waiting for NEXT command.

[server] Waiting for GUI command: NEXT

--- Server start 2026-04-05 22:25:00.576961 ---
[server] Listening on port 9090
[server] Using pre-connected GUI fd 23
[server] Keys ready — waiting for client...
[server] Client from 127.0.0.1:45592
[server] Waiting for GUI command: PROCESS

--- Server start 2026-04-05 22:32:10.356007 ---
[server] Listening on port 9090
[server] Using pre-connected GUI fd 23
[server] Keys ready — waiting for client...
[server] Client from 127.0.0.1:44790
[server] Waiting for GUI command: PROCESS

--- Server start 2026-04-05 22:34:25.983922 ---
[server] Listening on port 9090
[server] Using pre-connected GUI fd 23
[server] Keys ready — waiting for client...
[server] Client from 127.0.0.1:42226
[server] Waiting for GUI command: PROCESS
[server] Received command: PROCESS
[server] Decrypted: Mohammad
[server] Exchange done — waiting for NEXT command.

[server] Waiting for GUI command: NEXT
[server] Received command: NEXT
[server] Keys ready — waiting for client...

--- Server start 2026-04-05 22:37:05.772786 ---
[server] Listening on port 9090
[server] Using pre-connected GUI fd 23
[server] Keys ready — waiting for client...
[server] Client from 127.0.0.1:44120
[server] Waiting for GUI command: PROCESS
[server] Received command: PROCESS
[server] Decrypted: mo
[server] Exchange done — waiting for NEXT command.

[server] Waiting for GUI command: NEXT

--- Server start 2026-04-05 22:39:55.534358 ---
[server] Listening on port 9090
[server] Using pre-connected GUI fd 23
[server] Keys ready — waiting for client...
[server] Client from 127.0.0.1:41996
[server] Waiting for GUI command: PROCESS
[server] Received command: PROCESS
[server] Decrypted: MOhammad
[server] Exchange done — waiting for NEXT command.

[server] Waiting for GUI command: NEXT

--- Server start 2026-04-05 22:42:21.307190 ---
[server] Listening on port 9090
[server] Using pre-connected GUI fd 23
[server] Keys ready — waiting for client...

--- Server start 2026-04-05 22:43:41.221847 ---
[server] Listening on port 9090
[server] Using pre-connected GUI fd 23
[server] Keys ready — waiting for client...

--- Server start 2026-04-05 22:46:39.559475 ---
[server] Listening on port 9090
[server] Using pre-connected GUI fd 23
[server] Keys ready — waiting for client...

--- Server start 2026-04-05 22:47:02.395192 ---
[server] Listening on port 9090
[server] Using pre-connected GUI fd 23
[server] Keys ready — waiting for client...
[server] Client from 127.0.0.1:45888
[server] Waiting for GUI command: PROCESS
[server] Received command: PROCESS
[server] Decrypted: Hello from Vehicle!
[server] Exchange done — waiting for NEXT command.

[server] Waiting for GUI command: NEXT

--- Server start 2026-04-05 22:49:33.542561 ---
[server] Listening on port 9090
[server] Using pre-connected GUI fd 23
[server] Keys ready — waiting for client...
[server] Client from 127.0.0.1:45138
[server] Waiting for GUI command: PROCESS
[server] Received command: PROCESS
[server] Decrypted: Engine start authorized
[server] Exchange done — waiting for NEXT command.

[server] Waiting for GUI command: NEXT
