16:09:20.925 [APP] ============================================================
16:09:20.925 [APP] PQC DEMO starting
16:09:20.925 [APP] SERVER_BIN  = /home/cganesan/pqc-hybrid-crypto/PQC-Hybrid-Demo-GUI/server
16:09:20.926 [APP] LOCAL_CLIENT= 
16:09:20.926 [APP] PQC_PORT    = 9090
16:09:20.926 [APP] GUI_PORT    = 8081
16:09:20.926 [APP] LOG_DIR     = /home/cganesan/pqc-hybrid-crypto/PQC-Hybrid-Demo-GUI/src/gui/tmp
16:09:20.926 [APP] ============================================================
16:09:21.164 [APP] _start_live: creating new LiveProto (old=False)
16:09:21.168 [APP] _start_live: server start requested
16:09:21.184 [APP] SRV_EVT: gui_connected  (phase=IDLE)
16:09:21.185 [APP] SRV_EVT: listening  (phase=IDLE)
16:09:21.187 [APP] SRV_EVT: ecdh_keygen  (phase=IDLE)
16:09:21.190 [APP] SRV_EVT: phase  (phase=IDLE)
16:09:21.190 [APP] PHASE event: keys_ready  (current exchange_phase=IDLE)
16:09:21.950 [APP] SRV_EVT: kyber_pk_loaded  (phase=KEYS_READY)
16:11:31.641 [APP] DROP vehicle: token=server_keys phase=KEYS_READY
16:11:31.642 [APP] _advance_to_client: phase=KEYS_READY
16:11:31.983 [APP] CLI_EVT: connected  (phase=CLIENT_RUNNING)
16:11:31.985 [APP] SRV_EVT: client_connected  (phase=CLIENT_RUNNING)
16:11:31.986 [APP] SRV_EVT: keys_sent  (phase=CLIENT_RUNNING)
16:11:31.988 [APP] CLI_EVT: server_keys_received  (phase=CLIENT_RUNNING)
16:11:31.991 [APP] SRV_EVT: phase  (phase=CLIENT_RUNNING)
16:11:31.992 [APP] PHASE event: bundle_received  (current exchange_phase=CLIENT_RUNNING)
16:11:32.749 [APP] CLI_EVT: ecdh_keygen  (phase=BUNDLE_READY)
16:11:33.546 [APP] CLI_EVT: ecdh_derive  (phase=BUNDLE_READY)
16:11:34.346 [APP] CLI_EVT: kyber_encap  (phase=BUNDLE_READY)
16:11:35.146 [APP] CLI_EVT: hybrid_key  (phase=BUNDLE_READY)
16:11:35.947 [APP] CLI_EVT: encrypt  (phase=BUNDLE_READY)
16:11:36.746 [APP] SRV_EVT: client_data_received  (phase=BUNDLE_READY)
16:11:37.546 [APP] CLI_EVT: data_sent  (phase=BUNDLE_READY)
16:12:18.614 [APP] DROP server: token=client_bundle phase=BUNDLE_READY bundle_complete=True
16:12:18.614 [APP] _advance_to_process: phase=BUNDLE_READY srv_bundle=True
16:12:18.615 [APP] _commit_process: phase=BUNDLE_READY srv_bundle=True proc_req=True srv_started=False
16:12:18.628 [APP] SRV_EVT: ecdh_derive  (phase=PROCESSING)
16:12:18.630 [APP] exchange_done signal: phase=PROCESSING
16:12:18.630 [APP] SRV_EVT: kyber_decap  (phase=PROCESSING)
16:12:19.391 [APP] SRV_EVT: hybrid_key  (phase=PROCESSING)
16:12:20.153 [APP] SRV_EVT: decrypt  (phase=PROCESSING)
16:12:20.946 [APP] SRV_EVT: complete  (phase=PROCESSING)
16:12:21.746 [APP] CLI_EVT: complete  (phase=COMPLETE)
16:14:29.887 [APP] App exiting (ret=0), cleaning up...
16:14:29.889 [APP] Goodbye
