16:09:21.168 [GUI] GUI socketpair connected (fd=22)
16:09:21.168 [GUI] Reader thread started
16:09:21.168 [GUI] recv() #0 waiting... (buf=0 bytes)
16:09:21.180 [GUI] recv() #1 got 60 bytes
16:09:21.181 [GUI] recv() #1 waiting... (buf=0 bytes)
16:09:21.181 [GUI] recv() #2 got 2558 bytes
16:09:21.181 [GUI] recv() #2 waiting... (buf=0 bytes)
16:11:31.983 [GUI] recv() #3 got 76 bytes
16:11:31.985 [GUI] recv() #3 waiting... (buf=0 bytes)
16:11:31.989 [GUI] recv() #4 got 2344 bytes
16:11:31.991 [GUI] recv() #4 waiting... (buf=0 bytes)
16:12:18.615 [GUI] → send_command(PROCESS) OK  [server=alive(pid=46826), reader=True, fd=22]
16:12:18.615 [GUI] recv() #5 got 119 bytes
16:12:18.616 [GUI] recv() #5 waiting... (buf=0 bytes)
16:12:18.616 [GUI] recv() #6 got 332 bytes
16:12:18.617 [GUI] recv() #6 waiting... (buf=0 bytes)
16:14:29.887 [GUI] stop() called — shutting down LiveProto
16:14:29.887 [GUI] GUI socket closed (was fd=22)
16:14:29.888 [GUI] Reader: recv() #7 returned empty — server closed connection
16:14:29.889 [GUI] Reader thread exiting: server=DEAD(rc=-15), _running=False, sock=False
