
--- Server start 2026-04-06 07:38:42.044258 ---

--- Server start 2026-04-06 07:39:30.623666 ---
[server] Listening on port 9090
[server] Waiting for GUI on port 8081...
[server] GUI connected (fd 5)
[server] Keys ready — waiting for client...
[server] Client from 127.0.0.1:42510
[server] Waiting for GUI command: PROCESS

--- Server start 2026-04-06 07:45:15.699280 ---
[server] Listening on port 9090
[server] Using pre-connected GUI fd 23
[server] Keys ready — waiting for client...

--- Server start 2026-04-06 07:47:42.531480 ---
[server] Listening on port 9090
[server] Using pre-connected GUI fd 23
[server] Keys ready — waiting for client...

--- Server start 2026-04-06 07:49:54.333661 ---
[server] Listening on port 9090
[server] Using pre-connected GUI fd 23
[server] Keys ready — waiting for client...

--- Server start 2026-04-06 07:53:22.041065 ---
[server] Listening on port 9090
[server] Using pre-connected GUI fd 23
[server] Keys ready — waiting for client...

--- Server start 2026-04-06 07:57:08.030821 ---
[server] Listening on port 9090
[server] Using pre-connected GUI fd 23
[server] Keys ready — waiting for client...

--- Server start 2026-04-06 08:10:52.205498 ---
[server] Listening on port 9090
[server] Using pre-connected GUI fd 23
[server] Keys ready — waiting for client...

--- Server start 2026-04-06 08:18:23.217064 ---
[server] Listening on port 9090
[server] Using pre-connected GUI fd 23
[server] Keys ready — waiting for client...
[server] Client from 127.0.0.1:44670
[server] Waiting for GUI command: PROCESS

--- Server start 2026-04-06 08:21:25.926646 ---
[server] Listening on port 9090
[server] Using pre-connected GUI fd 23
[server] Keys ready — waiting for client...
[server] Client from 127.0.0.1:43056
[server] Waiting for GUI command: PROCESS
[server] Received command: PROCESS
[server] Decrypted: Hello from Vehicle!
[server] Exchange done — waiting for NEXT command.

[server] Waiting for GUI command: NEXT

--- Server start 2026-04-06 08:28:24.495829 ---
[server] Listening on port 9090
[server] Using pre-connected GUI fd 23
[server] Keys ready — waiting for client...
[server] Client from 127.0.0.1:42296
[server] Waiting for GUI command: PROCESS
[server] Received command: PROCESS
[server] Decrypted: Hello from Vehicle!
[server] Exchange done — waiting for NEXT command.

[server] Waiting for GUI command: NEXT
[server] Received command: NEXT
[server] Keys ready — waiting for client...
[server] Client from 127.0.0.1:42462
[server] Waiting for GUI command: PROCESS
[server] Received command: PROCESS
[server] Decrypted: Mohammad is Here
[server] Exchange done — waiting for NEXT command.

[server] Waiting for GUI command: NEXT

--- Server start 2026-04-06 08:33:17.047022 ---
[server] Listening on port 9090
[server] Using pre-connected GUI fd 23
[server] Keys ready — waiting for client...
[server] Client from 127.0.0.1:44078
[server] Waiting for GUI command: PROCESS

--- Server start 2026-04-06 08:36:40.568034 ---
[server] Listening on port 9090
[server] Using pre-connected GUI fd 23
[server] Keys ready — waiting for client...
[server] Client from 127.0.0.1:43522
[server] Waiting for GUI command: PROCESS
[server] Received command: PROCESS
[server] Decrypted: Hello from Vehicle!
[server] Exchange done — waiting for NEXT command.

[server] Waiting for GUI command: NEXT

--- Server start 2026-04-06 08:44:22.590897 ---
[server] Listening on port 9090
[server] Using pre-connected GUI fd 23
[server] Keys ready — waiting for client...
[server] Client from 127.0.0.1:45582
[server] Waiting for GUI command: PROCESS
[server] Received command: PROCESS
[server] Decrypted: Hello from Vehicle!
[server] Exchange done — waiting for NEXT command.

[server] Waiting for GUI command: NEXT

--- Server start 2026-04-06 08:48:57.510574 ---
[server] Listening on port 9090
[server] Using pre-connected GUI fd 23
[server] Keys ready — waiting for client...

--- Server start 2026-04-06 15:09:29.745422 ---
[server] Listening on port 9090
[server] Using pre-connected GUI fd 23
[server] Keys ready — waiting for client...

--- Server start 2026-04-06 15:11:01.991997 ---
[server] Listening on port 9090
[server] Using pre-connected GUI fd 23
[server] Keys ready — waiting for client...
[server] Client from 127.0.0.1:42436
[server] Waiting for GUI command: PROCESS
[server] Received command: PROCESS
[server] Decrypted: Hello, My name is Chandru
[server] Exchange done — waiting for NEXT command.

[server] Waiting for GUI command: NEXT
[server] Received command: NEXT
[server] Keys ready — waiting for client...
[server] Client from 127.0.0.1:44716
[server] Waiting for GUI command: PROCESS
[server] Received command: PROCESS
[server] Decrypted: Engine start authorized
[server] Exchange done — waiting for NEXT command.

[server] Waiting for GUI command: NEXT
[server] Received command: NEXT
[server] Keys ready — waiting for client...
[server] Client from 127.0.0.1:42866
[server] Waiting for GUI command: PROCESS
[server] Received command: PROCESS
[server] Decrypted: MOhammad
[server] Exchange done — waiting for NEXT command.

[server] Waiting for GUI command: NEXT
[server] Received command: NEXT
[server] Keys ready — waiting for client...

--- Server start 2026-04-06 15:19:45.611802 ---
[server] Listening on port 9090
[server] Using pre-connected GUI fd 23
[server] Keys ready — waiting for client...
[server] Client from 127.0.0.1:45688
[server] Waiting for GUI command: PROCESS
[server] Received command: PROCESS
[server] Decrypted: Hello from Vehicle!
[server] Exchange done — waiting for NEXT command.

[server] Waiting for GUI command: NEXT
[server] Received command: NEXT
[server] Keys ready — waiting for client...
[server] Client from 127.0.0.1:42544
[server] Waiting for GUI command: PROCESS
[server] Received command: PROCESS
[server] Decrypted: Hello from Vehicle!
[server] Exchange done — waiting for NEXT command.

[server] Waiting for GUI command: NEXT

--- Server start 2026-04-06 15:35:28.214253 ---
[server] Listening on port 9090
[server] Using pre-connected GUI fd 23
[server] Keys ready — waiting for client...
[server] Client from 127.0.0.1:42078
[server] Waiting for GUI command: PROCESS
[server] Received command: PROCESS
[server] Decrypted: Hello World!
[server] Exchange done — waiting for NEXT command.

[server] Waiting for GUI command: NEXT
[server] Received command: NEXT
[server] Keys ready — waiting for client...
[server] Client from 127.0.0.1:43016
[server] Waiting for GUI command: PROCESS
[server] Received command: PROCESS
[server] Decrypted: Hello from Vehicle — PQC secured!
[server] Exchange done — waiting for NEXT command.

[server] Waiting for GUI command: NEXT
[server] Received command: NEXT
[server] Keys ready — waiting for client...

--- Server start 2026-04-07 14:08:38.127886 ---
[server] Listening on port 9090
[server] Using pre-connected GUI fd 23
[server] Keys ready — waiting for client...
[server] Client from 127.0.0.1:42176
[server] Waiting for GUI command: PROCESS
[server] Received command: PROCESS
[server] Decrypted: Hello World!
[server] Exchange done — waiting for NEXT command.

[server] Waiting for GUI command: NEXT
[server] Received command: NEXT
[server] Keys ready — waiting for client...
[server] Client from 127.0.0.1:45184
[server] Waiting for GUI command: PROCESS

--- Server start 2026-04-07 14:35:43.400163 ---
[server] Listening on port 9090
[server] Using pre-connected GUI fd 23
[server] Keys ready — waiting for client...
[server] Client from 127.0.0.1:41896
[server] Waiting for GUI command: PROCESS
[server] Received command: PROCESS
[server] Decrypted: Hello World!
[server] Exchange done — waiting for NEXT command.

[server] Waiting for GUI command: NEXT

--- Server start 2026-04-07 15:47:23.167293 ---
[server] Listening on port 9090
[server] Using pre-connected GUI fd 23
[server] Keys ready — waiting for client...
[server] Client from 127.0.0.1:41994
[server] Waiting for GUI command: PROCESS

--- Server start 2026-04-07 16:09:21.165097 ---
[server] Listening on port 9090
[server] Using pre-connected GUI fd 23
[server] Keys ready — waiting for client...
[server] Client from 127.0.0.1:44572
[server] Waiting for GUI command: PROCESS
[server] Received command: PROCESS
[server] Decrypted: test
[server] Exchange done — waiting for NEXT command.

[server] Waiting for GUI command: NEXT
